[debug] [2022-07-03T12:48:22.520Z] ----------------------------------------------------------------------
[debug] [2022-07-03T12:48:22.522Z] Command:       C:\Program Files\nodejs\node.exe C:\Users\akash\AppData\Roaming\npm\node_modules\firebase-tools\lib\bin\firebase.js init
[debug] [2022-07-03T12:48:22.522Z] CLI Version:   11.1.0
[debug] [2022-07-03T12:48:22.522Z] Platform:      win32
[debug] [2022-07-03T12:48:22.522Z] Node Version:  v16.14.2
[debug] [2022-07-03T12:48:22.523Z] Time:          Sun Jul 03 2022 18:18:22 GMT+0530 (India Standard Time)
[debug] [2022-07-03T12:48:22.524Z] ----------------------------------------------------------------------
[debug] 
[debug] [2022-07-03T12:48:22.527Z] >>> [apiv2][query] GET https://firebase-public.firebaseio.com/cli.json [none]
[debug] [2022-07-03T12:48:22.551Z] > command requires scopes: ["email","openid","https://www.googleapis.com/auth/cloudplatformprojects.readonly","https://www.googleapis.com/auth/firebase","https://www.googleapis.com/auth/cloud-platform"]
[debug] [2022-07-03T12:48:22.551Z] > authorizing via signed-in user (akashuhulekal@gmail.com)
[info] 
     ######## #### ########  ######## ########     ###     ######  ########
     ##        ##  ##     ## ##       ##     ##  ##   ##  ##       ##
     ######    ##  ########  ######   ########  #########  ######  ######
     ##        ##  ##    ##  ##       ##     ## ##     ##       ## ##
     ##       #### ##     ## ######## ########  ##     ##  ######  ########

You're about to initialize a Firebase project in this directory:

  C:\Users\akash\Desktop\React\testing-photo

[debug] [2022-07-03T12:48:23.133Z] <<< [apiv2][status] GET https://firebase-public.firebaseio.com/cli.json 200
[debug] [2022-07-03T12:48:23.133Z] <<< [apiv2][body] GET https://firebase-public.firebaseio.com/cli.json {"cloudBuildErrorAfter":1594252800000,"cloudBuildWarnAfter":1590019200000,"defaultNode10After":1594252800000,"minVersion":"3.0.5","node8DeploysDisabledAfter":1613390400000,"node8RuntimeDisabledAfter":1615809600000,"node8WarnAfter":1600128000000}
